<?xml version="1.0" encoding="UTF-8"?>
<!-- Generated by org.testng.reporters.JUnitReportReporter -->
<testsuite hostname="ANSH-OFFC" failures="0" tests="1" name="xyz2" time="0.015" errors="0" timestamp="2023-06-14T18:09:43 IST" skipped="0">
  <testcase classname="xyz2" name="armstrong" time="0.015"/>
  <system-out/>
</testsuite> <!-- xyz2 -->
