<?xml version="1.0" encoding="UTF-8"?>
<!-- Generated by org.testng.reporters.JUnitReportReporter -->
<testsuite hostname="ANSH-OFFC" failures="0" tests="1" name="Linechart" time="121.381" errors="0" timestamp="2023-06-25T17:46:04 IST" skipped="0">
  <testcase classname="Linechart" name="multipleLineChart" time="121.381"/>
  <system-out/>
</testsuite> <!-- Linechart -->
