<?xml version="1.0" encoding="UTF-8"?>
<!-- Generated by org.testng.reporters.JUnitReportReporter -->
<testsuite hostname="ANSH-OFFC" failures="0" tests="1" name="Piechart" time="6.488" errors="0" timestamp="2023-06-24T17:55:20 IST" skipped="0">
  <testcase classname="Piechart" name="pieChart" time="6.488"/>
  <system-out/>
</testsuite> <!-- Piechart -->
