<?xml version="1.0" encoding="UTF-8"?>
<!-- Generated by org.testng.reporters.JUnitReportReporter -->
<testsuite hostname="ANSH-OFFC" failures="0" tests="1" name="xyz" time="0.008" errors="0" timestamp="2023-05-29T15:28:01 IST" skipped="0">
  <testcase classname="xyz" name="adsf" time="0.008"/>
  <system-out/>
</testsuite> <!-- xyz -->
