<?xml version="1.0" encoding="UTF-8"?>
<!-- Generated by org.testng.reporters.JUnitReportReporter -->
<testsuite hostname="ANSH-OFFC" failures="0" tests="1" name="Autoitexample" time="14.162" errors="0" timestamp="2023-06-09T18:05:43 IST" skipped="0">
  <testcase classname="Autoitexample" name="fileUpload" time="14.162"/>
  <system-out/>
</testsuite> <!-- Autoitexample -->
