<?xml version="1.0" encoding="UTF-8"?>
<!-- Generated by org.testng.reporters.JUnitReportReporter -->
<testsuite hostname="ANSH-OFFC" failures="0" tests="2" name="xyz3" time="0.016" errors="0" timestamp="2023-06-15T10:27:42 IST" skipped="0">
  <testcase classname="xyz3" name="adserf" time="0.014"/>
  <system-out/>
  <testcase classname="xyz3" name="aesrddsf" time="0.002"/>
  <system-out/>
</testsuite> <!-- xyz3 -->
