<?xml version="1.0" encoding="UTF-8"?>
<!-- Generated by org.testng.reporters.JUnitReportReporter -->
<testsuite hostname="ANSH-OFFC" failures="0" tests="2" name="PraticeTest" time="12.355" errors="0" timestamp="2023-06-24T13:05:10 IST" skipped="0">
  <testcase classname="PraticeTest" name="login" time="5.258"/>
  <system-out/>
  <testcase classname="PraticeTest" name="login" time="7.097"/>
  <system-out/>
</testsuite> <!-- PraticeTest -->
