<?xml version="1.0" encoding="UTF-8"?>
<!-- Generated by org.testng.reporters.JUnitReportReporter -->
<testsuite hostname="ANSH-OFFC" failures="0" tests="1" name="Barchart" time="17.469" errors="0" timestamp="2023-06-24T17:57:31 IST" skipped="0">
  <testcase classname="Barchart" name="barChart" time="17.469"/>
  <system-out/>
</testsuite> <!-- Barchart -->
