<?xml version="1.0" encoding="UTF-8"?>
<!-- Generated by org.testng.reporters.JUnitReportReporter -->
<testsuite hostname="ANSH-OFFC" failures="0" tests="1" name="Pdfreading" time="4.356" errors="0" timestamp="2023-06-27T17:54:16 IST" skipped="0">
  <testcase classname="Pdfreading" name="readPdf" time="4.356"/>
  <system-out/>
</testsuite> <!-- Pdfreading -->
