<?xml version="1.0" encoding="UTF-8"?>
<!-- Generated by org.testng.reporters.JUnitReportReporter -->
<testsuite hostname="ANSH-OFFC" failures="0" tests="1" name="Exceldriven" time="1.216" errors="0" timestamp="2023-06-10T18:12:11 IST" skipped="0">
  <testcase classname="Exceldriven" name="checkData" time="1.216"/>
  <system-out/>
</testsuite> <!-- Exceldriven -->
