<?xml version="1.0" encoding="UTF-8"?>
<!-- Generated by org.testng.reporters.JUnitReportReporter -->
<testsuite hostname="ANSH-OFFC" failures="0" tests="2" name="xyz" time="0.011" errors="0" timestamp="2023-06-14T10:04:48 IST" skipped="0">
  <testcase classname="xyz" name="aesrddsf" time="0.010"/>
  <system-out/>
  <testcase classname="xyz" name="adsf" time="0.001"/>
  <system-out/>
</testsuite> <!-- xyz -->
